{
  "RSpec": {
    "coverage": {
      "/Users/Phuzisham/Documents/Code/Current Projects/bonilla_bucks_rails/spec/models/user_spec.rb": [
        1,
        null,
        0,
        0,
        null
      ],
      "/Users/Phuzisham/Documents/Code/Current Projects/bonilla_bucks_rails/spec/rails_helper.rb": [
        null,
        1,
        1,
        1,
        null,
        0,
        0,
        null,
        0,
        null,
        null,
        null,
        null,
        null,
        null,
        null,
        null,
        null,
        null,
        null,
        null,
        null,
        null,
        null,
        null,
        null,
        0,
        null,
        0,
        null,
        0,
        null,
        null,
        null,
        null,
        0,
        null,
        null,
        null,
        null,
        null,
        null,
        null,
        null,
        null,
        null,
        null,
        null,
        null,
        null,
        0,
        null,
        null,
        0,
        null,
        null,
        null,
        null,
        0,
        null,
        null,
        0,
        0,
        0,
        null,
        null,
        null,
        0,
        0,
        0,
        null,
        null,
        null,
        null,
        null,
        0,
        0,
        0,
        0,
        null,
        null
      ],
      "/Users/Phuzisham/Documents/Code/Current Projects/bonilla_bucks_rails/config/environment.rb": [
        null,
        1,
        null,
        null,
        0
      ],
      "/Users/Phuzisham/Documents/Code/Current Projects/bonilla_bucks_rails/config/application.rb": [
        1,
        null,
        0,
        null,
        0,
        0,
        0,
        0,
        0,
        0,
        0,
        0,
        null,
        null,
        null,
        null,
        0,
        null,
        0,
        0,
        null,
        0,
        null,
        null,
        null,
        null,
        null,
        null,
        0,
        null,
        null
      ],
      "/Users/Phuzisham/Documents/Code/Current Projects/bonilla_bucks_rails/config/boot.rb": [
        1,
        null,
        1
      ]
    },
    "timestamp": 1519254418
  }
}
